Internal Server Error: /watches/1/
Traceback (most recent call last):
  File "/Users/santimuri08/Desktop/watch_showcase/venv/lib/python3.13/site-packages/django/core/handlers/exception.py", line 55, in inner
    response = get_response(request)
  File "/Users/santimuri08/Desktop/watch_showcase/venv/lib/python3.13/site-packages/django/core/handlers/base.py", line 220, in _get_response
    response = response.render()
  File "/Users/santimuri08/Desktop/watch_showcase/venv/lib/python3.13/site-packages/django/template/response.py", line 114, in render
    self.content = self.rendered_content
                   ^^^^^^^^^^^^^^^^^^^^^
  File "/Users/santimuri08/Desktop/watch_showcase/venv/lib/python3.13/site-packages/django/template/response.py", line 90, in rendered_content
    template = self.resolve_template(self.template_name)
  File "/Users/santimuri08/Desktop/watch_showcase/venv/lib/python3.13/site-packages/django/template/response.py", line 72, in resolve_template
    return select_template(template, using=self.using)
  File "/Users/santimuri08/Desktop/watch_showcase/venv/lib/python3.13/site-packages/django/template/loader.py", line 47, in select_template
    raise TemplateDoesNotExist(", ".join(template_name_list), chain=chain)
django.template.exceptions.TemplateDoesNotExist: products/watch_detail.html
Internal Server Error: /watches/
Traceback (most recent call last):
  File "/Users/santimuri08/Desktop/watch_showcase/venv/lib/python3.13/site-packages/django/core/handlers/exception.py", line 55, in inner
    response = get_response(request)
  File "/Users/santimuri08/Desktop/watch_showcase/venv/lib/python3.13/site-packages/django/core/handlers/base.py", line 220, in _get_response
    response = response.render()
  File "/Users/santimuri08/Desktop/watch_showcase/venv/lib/python3.13/site-packages/django/template/response.py", line 114, in render
    self.content = self.rendered_content
                   ^^^^^^^^^^^^^^^^^^^^^
  File "/Users/santimuri08/Desktop/watch_showcase/venv/lib/python3.13/site-packages/django/template/response.py", line 90, in rendered_content
    template = self.resolve_template(self.template_name)
  File "/Users/santimuri08/Desktop/watch_showcase/venv/lib/python3.13/site-packages/django/template/response.py", line 72, in resolve_template
    return select_template(template, using=self.using)
  File "/Users/santimuri08/Desktop/watch_showcase/venv/lib/python3.13/site-packages/django/template/loader.py", line 47, in select_template
    raise TemplateDoesNotExist(", ".join(template_name_list), chain=chain)
django.template.exceptions.TemplateDoesNotExist: products/watch_list.html, products/watch_list.html
Internal Server Error: /watches/1/
Traceback (most recent call last):
  File "/Users/santimuri08/Desktop/watch_showcase/venv/lib/python3.13/site-packages/django/core/handlers/exception.py", line 55, in inner
    response = get_response(request)
  File "/Users/santimuri08/Desktop/watch_showcase/venv/lib/python3.13/site-packages/django/core/handlers/base.py", line 220, in _get_response
    response = response.render()
  File "/Users/santimuri08/Desktop/watch_showcase/venv/lib/python3.13/site-packages/django/template/response.py", line 114, in render
    self.content = self.rendered_content
                   ^^^^^^^^^^^^^^^^^^^^^
  File "/Users/santimuri08/Desktop/watch_showcase/venv/lib/python3.13/site-packages/django/template/response.py", line 90, in rendered_content
    template = self.resolve_template(self.template_name)
  File "/Users/santimuri08/Desktop/watch_showcase/venv/lib/python3.13/site-packages/django/template/response.py", line 72, in resolve_template
    return select_template(template, using=self.using)
  File "/Users/santimuri08/Desktop/watch_showcase/venv/lib/python3.13/site-packages/django/template/loader.py", line 47, in select_template
    raise TemplateDoesNotExist(", ".join(template_name_list), chain=chain)
django.template.exceptions.TemplateDoesNotExist: products/watch_detail.html
Internal Server Error: /watches/
Traceback (most recent call last):
  File "/Users/santimuri08/Desktop/watch_showcase/venv/lib/python3.13/site-packages/django/core/handlers/exception.py", line 55, in inner
    response = get_response(request)
  File "/Users/santimuri08/Desktop/watch_showcase/venv/lib/python3.13/site-packages/django/core/handlers/base.py", line 220, in _get_response
    response = response.render()
  File "/Users/santimuri08/Desktop/watch_showcase/venv/lib/python3.13/site-packages/django/template/response.py", line 114, in render
    self.content = self.rendered_content
                   ^^^^^^^^^^^^^^^^^^^^^
  File "/Users/santimuri08/Desktop/watch_showcase/venv/lib/python3.13/site-packages/django/template/response.py", line 90, in rendered_content
    template = self.resolve_template(self.template_name)
  File "/Users/santimuri08/Desktop/watch_showcase/venv/lib/python3.13/site-packages/django/template/response.py", line 72, in resolve_template
    return select_template(template, using=self.using)
  File "/Users/santimuri08/Desktop/watch_showcase/venv/lib/python3.13/site-packages/django/template/loader.py", line 47, in select_template
    raise TemplateDoesNotExist(", ".join(template_name_list), chain=chain)
django.template.exceptions.TemplateDoesNotExist: products/watch_list.html, products/watch_list.html
Internal Server Error: /watches/1/
Traceback (most recent call last):
  File "/Users/santimuri08/Desktop/watch_showcase/venv/lib/python3.13/site-packages/django/core/handlers/exception.py", line 55, in inner
    response = get_response(request)
  File "/Users/santimuri08/Desktop/watch_showcase/venv/lib/python3.13/site-packages/django/core/handlers/base.py", line 220, in _get_response
    response = response.render()
  File "/Users/santimuri08/Desktop/watch_showcase/venv/lib/python3.13/site-packages/django/template/response.py", line 114, in render
    self.content = self.rendered_content
                   ^^^^^^^^^^^^^^^^^^^^^
  File "/Users/santimuri08/Desktop/watch_showcase/venv/lib/python3.13/site-packages/django/template/response.py", line 90, in rendered_content
    template = self.resolve_template(self.template_name)
  File "/Users/santimuri08/Desktop/watch_showcase/venv/lib/python3.13/site-packages/django/template/response.py", line 72, in resolve_template
    return select_template(template, using=self.using)
  File "/Users/santimuri08/Desktop/watch_showcase/venv/lib/python3.13/site-packages/django/template/loader.py", line 47, in select_template
    raise TemplateDoesNotExist(", ".join(template_name_list), chain=chain)
django.template.exceptions.TemplateDoesNotExist: products/watch_detail.html
Internal Server Error: /watches/
Traceback (most recent call last):
  File "/Users/santimuri08/Desktop/watch_showcase/venv/lib/python3.13/site-packages/django/core/handlers/exception.py", line 55, in inner
    response = get_response(request)
  File "/Users/santimuri08/Desktop/watch_showcase/venv/lib/python3.13/site-packages/django/core/handlers/base.py", line 220, in _get_response
    response = response.render()
  File "/Users/santimuri08/Desktop/watch_showcase/venv/lib/python3.13/site-packages/django/template/response.py", line 114, in render
    self.content = self.rendered_content
                   ^^^^^^^^^^^^^^^^^^^^^
  File "/Users/santimuri08/Desktop/watch_showcase/venv/lib/python3.13/site-packages/django/template/response.py", line 90, in rendered_content
    template = self.resolve_template(self.template_name)
  File "/Users/santimuri08/Desktop/watch_showcase/venv/lib/python3.13/site-packages/django/template/response.py", line 72, in resolve_template
    return select_template(template, using=self.using)
  File "/Users/santimuri08/Desktop/watch_showcase/venv/lib/python3.13/site-packages/django/template/loader.py", line 47, in select_template
    raise TemplateDoesNotExist(", ".join(template_name_list), chain=chain)
django.template.exceptions.TemplateDoesNotExist: products/watch_list.html, products/watch_list.html
Watching for file changes with StatReloader
Internal Server Error: /
Traceback (most recent call last):
  File "/Users/santimuri08/Desktop/watch_showcase/venv/lib/python3.13/site-packages/django/db/backends/utils.py", line 105, in _execute
    return self.cursor.execute(sql, params)
           ~~~~~~~~~~~~~~~~~~~^^^^^^^^^^^^^
  File "/Users/santimuri08/Desktop/watch_showcase/venv/lib/python3.13/site-packages/django/db/backends/sqlite3/base.py", line 360, in execute
    return super().execute(query, params)
           ~~~~~~~~~~~~~~~^^^^^^^^^^^^^^^
sqlite3.OperationalError: no such column: products_watch.model_number

The above exception was the direct cause of the following exception:

Traceback (most recent call last):
  File "/Users/santimuri08/Desktop/watch_showcase/venv/lib/python3.13/site-packages/django/core/handlers/exception.py", line 55, in inner
    response = get_response(request)
  File "/Users/santimuri08/Desktop/watch_showcase/venv/lib/python3.13/site-packages/django/core/handlers/base.py", line 197, in _get_response
    response = wrapped_callback(request, *callback_args, **callback_kwargs)
  File "/Users/santimuri08/Desktop/watch_showcase/products/views.py", line 159, in home
    return render(request, 'products/home.html', context)
  File "/Users/santimuri08/Desktop/watch_showcase/venv/lib/python3.13/site-packages/django/shortcuts.py", line 25, in render
    content = loader.render_to_string(template_name, context, request, using=using)
  File "/Users/santimuri08/Desktop/watch_showcase/venv/lib/python3.13/site-packages/django/template/loader.py", line 62, in render_to_string
    return template.render(context, request)
           ~~~~~~~~~~~~~~~^^^^^^^^^^^^^^^^^^
  File "/Users/santimuri08/Desktop/watch_showcase/venv/lib/python3.13/site-packages/django/template/backends/django.py", line 107, in render
    return self.template.render(context)
           ~~~~~~~~~~~~~~~~~~~~^^^^^^^^^
  File "/Users/santimuri08/Desktop/watch_showcase/venv/lib/python3.13/site-packages/django/template/base.py", line 171, in render
    return self._render(context)
           ~~~~~~~~~~~~^^^^^^^^^
  File "/Users/santimuri08/Desktop/watch_showcase/venv/lib/python3.13/site-packages/django/template/base.py", line 163, in _render
    return self.nodelist.render(context)
           ~~~~~~~~~~~~~~~~~~~~^^^^^^^^^
  File "/Users/santimuri08/Desktop/watch_showcase/venv/lib/python3.13/site-packages/django/template/base.py", line 1016, in render
    return SafeString("".join([node.render_annotated(context) for node in self]))
                               ~~~~~~~~~~~~~~~~~~~~~^^^^^^^^^
  File "/Users/santimuri08/Desktop/watch_showcase/venv/lib/python3.13/site-packages/django/template/base.py", line 977, in render_annotated
    return self.render(context)
           ~~~~~~~~~~~^^^^^^^^^
  File "/Users/santimuri08/Desktop/watch_showcase/venv/lib/python3.13/site-packages/django/template/loader_tags.py", line 159, in render
    return compiled_parent._render(context)
           ~~~~~~~~~~~~~~~~~~~~~~~^^^^^^^^^
  File "/Users/santimuri08/Desktop/watch_showcase/venv/lib/python3.13/site-packages/django/template/base.py", line 163, in _render
    return self.nodelist.render(context)
           ~~~~~~~~~~~~~~~~~~~~^^^^^^^^^
  File "/Users/santimuri08/Desktop/watch_showcase/venv/lib/python3.13/site-packages/django/template/base.py", line 1016, in render
    return SafeString("".join([node.render_annotated(context) for node in self]))
                               ~~~~~~~~~~~~~~~~~~~~~^^^^^^^^^
  File "/Users/santimuri08/Desktop/watch_showcase/venv/lib/python3.13/site-packages/django/template/base.py", line 977, in render_annotated
    return self.render(context)
           ~~~~~~~~~~~^^^^^^^^^
  File "/Users/santimuri08/Desktop/watch_showcase/venv/lib/python3.13/site-packages/django/template/loader_tags.py", line 65, in render
    result = block.nodelist.render(context)
  File "/Users/santimuri08/Desktop/watch_showcase/venv/lib/python3.13/site-packages/django/template/base.py", line 1016, in render
    return SafeString("".join([node.render_annotated(context) for node in self]))
                               ~~~~~~~~~~~~~~~~~~~~~^^^^^^^^^
  File "/Users/santimuri08/Desktop/watch_showcase/venv/lib/python3.13/site-packages/django/template/base.py", line 977, in render_annotated
    return self.render(context)
           ~~~~~~~~~~~^^^^^^^^^
  File "/Users/santimuri08/Desktop/watch_showcase/venv/lib/python3.13/site-packages/django/template/defaulttags.py", line 199, in render
    len_values = len(values)
  File "/Users/santimuri08/Desktop/watch_showcase/venv/lib/python3.13/site-packages/django/db/models/query.py", line 366, in __len__
    self._fetch_all()
    ~~~~~~~~~~~~~~~^^
  File "/Users/santimuri08/Desktop/watch_showcase/venv/lib/python3.13/site-packages/django/db/models/query.py", line 1935, in _fetch_all
    self._result_cache = list(self._iterable_class(self))
                         ~~~~^^^^^^^^^^^^^^^^^^^^^^^^^^^^
  File "/Users/santimuri08/Desktop/watch_showcase/venv/lib/python3.13/site-packages/django/db/models/query.py", line 91, in __iter__
    results = compiler.execute_sql(
        chunked_fetch=self.chunked_fetch, chunk_size=self.chunk_size
    )
  File "/Users/santimuri08/Desktop/watch_showcase/venv/lib/python3.13/site-packages/django/db/models/sql/compiler.py", line 1622, in execute_sql
    cursor.execute(sql, params)
    ~~~~~~~~~~~~~~^^^^^^^^^^^^^
  File "/Users/santimuri08/Desktop/watch_showcase/venv/lib/python3.13/site-packages/django/db/backends/utils.py", line 122, in execute
    return super().execute(sql, params)
           ~~~~~~~~~~~~~~~^^^^^^^^^^^^^
  File "/Users/santimuri08/Desktop/watch_showcase/venv/lib/python3.13/site-packages/django/db/backends/utils.py", line 79, in execute
    return self._execute_with_wrappers(
           ~~~~~~~~~~~~~~~~~~~~~~~~~~~^
        sql, params, many=False, executor=self._execute
        ^^^^^^^^^^^^^^^^^^^^^^^^^^^^^^^^^^^^^^^^^^^^^^^
    )
    ^
  File "/Users/santimuri08/Desktop/watch_showcase/venv/lib/python3.13/site-packages/django/db/backends/utils.py", line 92, in _execute_with_wrappers
    return executor(sql, params, many, context)
  File "/Users/santimuri08/Desktop/watch_showcase/venv/lib/python3.13/site-packages/django/db/backends/utils.py", line 100, in _execute
    with self.db.wrap_database_errors:
         ^^^^^^^^^^^^^^^^^^^^^^^^^^^^
  File "/Users/santimuri08/Desktop/watch_showcase/venv/lib/python3.13/site-packages/django/db/utils.py", line 91, in __exit__
    raise dj_exc_value.with_traceback(traceback) from exc_value
  File "/Users/santimuri08/Desktop/watch_showcase/venv/lib/python3.13/site-packages/django/db/backends/utils.py", line 105, in _execute
    return self.cursor.execute(sql, params)
           ~~~~~~~~~~~~~~~~~~~^^^^^^^^^^^^^
  File "/Users/santimuri08/Desktop/watch_showcase/venv/lib/python3.13/site-packages/django/db/backends/sqlite3/base.py", line 360, in execute
    return super().execute(query, params)
           ~~~~~~~~~~~~~~~^^^^^^^^^^^^^^^
django.db.utils.OperationalError: no such column: products_watch.model_number
"GET / HTTP/1.1" 500 204090
Watching for file changes with StatReloader
Internal Server Error: /
Traceback (most recent call last):
  File "/Users/santimuri08/Desktop/watch_showcase/venv/lib/python3.13/site-packages/django/db/backends/utils.py", line 105, in _execute
    return self.cursor.execute(sql, params)
           ~~~~~~~~~~~~~~~~~~~^^^^^^^^^^^^^
  File "/Users/santimuri08/Desktop/watch_showcase/venv/lib/python3.13/site-packages/django/db/backends/sqlite3/base.py", line 360, in execute
    return super().execute(query, params)
           ~~~~~~~~~~~~~~~^^^^^^^^^^^^^^^
sqlite3.OperationalError: no such column: products_watch.model_number

The above exception was the direct cause of the following exception:

Traceback (most recent call last):
  File "/Users/santimuri08/Desktop/watch_showcase/venv/lib/python3.13/site-packages/django/core/handlers/exception.py", line 55, in inner
    response = get_response(request)
  File "/Users/santimuri08/Desktop/watch_showcase/venv/lib/python3.13/site-packages/django/core/handlers/base.py", line 197, in _get_response
    response = wrapped_callback(request, *callback_args, **callback_kwargs)
  File "/Users/santimuri08/Desktop/watch_showcase/products/views.py", line 159, in home
    return render(request, 'products/home.html', context)
  File "/Users/santimuri08/Desktop/watch_showcase/venv/lib/python3.13/site-packages/django/shortcuts.py", line 25, in render
    content = loader.render_to_string(template_name, context, request, using=using)
  File "/Users/santimuri08/Desktop/watch_showcase/venv/lib/python3.13/site-packages/django/template/loader.py", line 62, in render_to_string
    return template.render(context, request)
           ~~~~~~~~~~~~~~~^^^^^^^^^^^^^^^^^^
  File "/Users/santimuri08/Desktop/watch_showcase/venv/lib/python3.13/site-packages/django/template/backends/django.py", line 107, in render
    return self.template.render(context)
           ~~~~~~~~~~~~~~~~~~~~^^^^^^^^^
  File "/Users/santimuri08/Desktop/watch_showcase/venv/lib/python3.13/site-packages/django/template/base.py", line 171, in render
    return self._render(context)
           ~~~~~~~~~~~~^^^^^^^^^
  File "/Users/santimuri08/Desktop/watch_showcase/venv/lib/python3.13/site-packages/django/template/base.py", line 163, in _render
    return self.nodelist.render(context)
           ~~~~~~~~~~~~~~~~~~~~^^^^^^^^^
  File "/Users/santimuri08/Desktop/watch_showcase/venv/lib/python3.13/site-packages/django/template/base.py", line 1016, in render
    return SafeString("".join([node.render_annotated(context) for node in self]))
                               ~~~~~~~~~~~~~~~~~~~~~^^^^^^^^^
  File "/Users/santimuri08/Desktop/watch_showcase/venv/lib/python3.13/site-packages/django/template/base.py", line 977, in render_annotated
    return self.render(context)
           ~~~~~~~~~~~^^^^^^^^^
  File "/Users/santimuri08/Desktop/watch_showcase/venv/lib/python3.13/site-packages/django/template/loader_tags.py", line 159, in render
    return compiled_parent._render(context)
           ~~~~~~~~~~~~~~~~~~~~~~~^^^^^^^^^
  File "/Users/santimuri08/Desktop/watch_showcase/venv/lib/python3.13/site-packages/django/template/base.py", line 163, in _render
    return self.nodelist.render(context)
           ~~~~~~~~~~~~~~~~~~~~^^^^^^^^^
  File "/Users/santimuri08/Desktop/watch_showcase/venv/lib/python3.13/site-packages/django/template/base.py", line 1016, in render
    return SafeString("".join([node.render_annotated(context) for node in self]))
                               ~~~~~~~~~~~~~~~~~~~~~^^^^^^^^^
  File "/Users/santimuri08/Desktop/watch_showcase/venv/lib/python3.13/site-packages/django/template/base.py", line 977, in render_annotated
    return self.render(context)
           ~~~~~~~~~~~^^^^^^^^^
  File "/Users/santimuri08/Desktop/watch_showcase/venv/lib/python3.13/site-packages/django/template/loader_tags.py", line 65, in render
    result = block.nodelist.render(context)
  File "/Users/santimuri08/Desktop/watch_showcase/venv/lib/python3.13/site-packages/django/template/base.py", line 1016, in render
    return SafeString("".join([node.render_annotated(context) for node in self]))
                               ~~~~~~~~~~~~~~~~~~~~~^^^^^^^^^
  File "/Users/santimuri08/Desktop/watch_showcase/venv/lib/python3.13/site-packages/django/template/base.py", line 977, in render_annotated
    return self.render(context)
           ~~~~~~~~~~~^^^^^^^^^
  File "/Users/santimuri08/Desktop/watch_showcase/venv/lib/python3.13/site-packages/django/template/defaulttags.py", line 199, in render
    len_values = len(values)
  File "/Users/santimuri08/Desktop/watch_showcase/venv/lib/python3.13/site-packages/django/db/models/query.py", line 366, in __len__
    self._fetch_all()
    ~~~~~~~~~~~~~~~^^
  File "/Users/santimuri08/Desktop/watch_showcase/venv/lib/python3.13/site-packages/django/db/models/query.py", line 1935, in _fetch_all
    self._result_cache = list(self._iterable_class(self))
                         ~~~~^^^^^^^^^^^^^^^^^^^^^^^^^^^^
  File "/Users/santimuri08/Desktop/watch_showcase/venv/lib/python3.13/site-packages/django/db/models/query.py", line 91, in __iter__
    results = compiler.execute_sql(
        chunked_fetch=self.chunked_fetch, chunk_size=self.chunk_size
    )
  File "/Users/santimuri08/Desktop/watch_showcase/venv/lib/python3.13/site-packages/django/db/models/sql/compiler.py", line 1622, in execute_sql
    cursor.execute(sql, params)
    ~~~~~~~~~~~~~~^^^^^^^^^^^^^
  File "/Users/santimuri08/Desktop/watch_showcase/venv/lib/python3.13/site-packages/django/db/backends/utils.py", line 122, in execute
    return super().execute(sql, params)
           ~~~~~~~~~~~~~~~^^^^^^^^^^^^^
  File "/Users/santimuri08/Desktop/watch_showcase/venv/lib/python3.13/site-packages/django/db/backends/utils.py", line 79, in execute
    return self._execute_with_wrappers(
           ~~~~~~~~~~~~~~~~~~~~~~~~~~~^
        sql, params, many=False, executor=self._execute
        ^^^^^^^^^^^^^^^^^^^^^^^^^^^^^^^^^^^^^^^^^^^^^^^
    )
    ^
  File "/Users/santimuri08/Desktop/watch_showcase/venv/lib/python3.13/site-packages/django/db/backends/utils.py", line 92, in _execute_with_wrappers
    return executor(sql, params, many, context)
  File "/Users/santimuri08/Desktop/watch_showcase/venv/lib/python3.13/site-packages/django/db/backends/utils.py", line 100, in _execute
    with self.db.wrap_database_errors:
         ^^^^^^^^^^^^^^^^^^^^^^^^^^^^
  File "/Users/santimuri08/Desktop/watch_showcase/venv/lib/python3.13/site-packages/django/db/utils.py", line 91, in __exit__
    raise dj_exc_value.with_traceback(traceback) from exc_value
  File "/Users/santimuri08/Desktop/watch_showcase/venv/lib/python3.13/site-packages/django/db/backends/utils.py", line 105, in _execute
    return self.cursor.execute(sql, params)
           ~~~~~~~~~~~~~~~~~~~^^^^^^^^^^^^^
  File "/Users/santimuri08/Desktop/watch_showcase/venv/lib/python3.13/site-packages/django/db/backends/sqlite3/base.py", line 360, in execute
    return super().execute(query, params)
           ~~~~~~~~~~~~~~~^^^^^^^^^^^^^^^
django.db.utils.OperationalError: no such column: products_watch.model_number
"GET / HTTP/1.1" 500 204090
Watching for file changes with StatReloader
"GET / HTTP/1.1" 200 3442
"GET /static/css/style.css HTTP/1.1" 200 2083
Internal Server Error: /watches/
Traceback (most recent call last):
  File "/Users/santimuri08/Desktop/watch_showcase/venv/lib/python3.13/site-packages/django/core/handlers/exception.py", line 55, in inner
    response = get_response(request)
  File "/Users/santimuri08/Desktop/watch_showcase/venv/lib/python3.13/site-packages/django/core/handlers/base.py", line 220, in _get_response
    response = response.render()
  File "/Users/santimuri08/Desktop/watch_showcase/venv/lib/python3.13/site-packages/django/template/response.py", line 114, in render
    self.content = self.rendered_content
                   ^^^^^^^^^^^^^^^^^^^^^
  File "/Users/santimuri08/Desktop/watch_showcase/venv/lib/python3.13/site-packages/django/template/response.py", line 90, in rendered_content
    template = self.resolve_template(self.template_name)
  File "/Users/santimuri08/Desktop/watch_showcase/venv/lib/python3.13/site-packages/django/template/response.py", line 72, in resolve_template
    return select_template(template, using=self.using)
  File "/Users/santimuri08/Desktop/watch_showcase/venv/lib/python3.13/site-packages/django/template/loader.py", line 47, in select_template
    raise TemplateDoesNotExist(", ".join(template_name_list), chain=chain)
django.template.exceptions.TemplateDoesNotExist: products/watch_list.html, products/watch_list.html
"GET /watches/ HTTP/1.1" 500 82878
"GET /groups/ HTTP/1.1" 200 3596
"GET / HTTP/1.1" 200 3442
Internal Server Error: /watches/
Traceback (most recent call last):
  File "/Users/santimuri08/Desktop/watch_showcase/venv/lib/python3.13/site-packages/django/core/handlers/exception.py", line 55, in inner
    response = get_response(request)
  File "/Users/santimuri08/Desktop/watch_showcase/venv/lib/python3.13/site-packages/django/core/handlers/base.py", line 220, in _get_response
    response = response.render()
  File "/Users/santimuri08/Desktop/watch_showcase/venv/lib/python3.13/site-packages/django/template/response.py", line 114, in render
    self.content = self.rendered_content
                   ^^^^^^^^^^^^^^^^^^^^^
  File "/Users/santimuri08/Desktop/watch_showcase/venv/lib/python3.13/site-packages/django/template/response.py", line 90, in rendered_content
    template = self.resolve_template(self.template_name)
  File "/Users/santimuri08/Desktop/watch_showcase/venv/lib/python3.13/site-packages/django/template/response.py", line 72, in resolve_template
    return select_template(template, using=self.using)
  File "/Users/santimuri08/Desktop/watch_showcase/venv/lib/python3.13/site-packages/django/template/loader.py", line 47, in select_template
    raise TemplateDoesNotExist(", ".join(template_name_list), chain=chain)
django.template.exceptions.TemplateDoesNotExist: products/watch_list.html, products/watch_list.html
"GET /watches/ HTTP/1.1" 500 82878
Watching for file changes with StatReloader
"GET / HTTP/1.1" 200 3442
"GET /watches/ HTTP/1.1" 200 3074
"GET /groups/ HTTP/1.1" 200 3596
"GET / HTTP/1.1" 200 3442
"GET /groups/ HTTP/1.1" 200 3596
Watching for file changes with StatReloader
"GET / HTTP/1.1" 200 3442
"GET /groups/ HTTP/1.1" 200 3596
"GET /watches/ HTTP/1.1" 200 3074
"GET / HTTP/1.1" 200 3442
"GET /watches/ HTTP/1.1" 200 3074
"GET / HTTP/1.1" 200 3442
"GET / HTTP/1.1" 200 3442
"GET / HTTP/1.1" 200 3442
Watching for file changes with StatReloader
"GET / HTTP/1.1" 200 3457
"GET /login/ HTTP/1.1" 200 3841
"GET /register/ HTTP/1.1" 200 4289
"GET /login/ HTTP/1.1" 200 3841
"GET /watches/ HTTP/1.1" 200 3089
"GET / HTTP/1.1" 200 3457
"GET /groups/ HTTP/1.1" 200 3611
"GET / HTTP/1.1" 200 3457
Watching for file changes with StatReloader
Not Found: /website/assets/img/hero-bg.jpg
"GET /website/assets/img/hero-bg.jpg HTTP/1.1" 404 4803
Watching for file changes with StatReloader
"GET / HTTP/1.1" 200 3457
"GET /static/css/style.css HTTP/1.1" 200 2083
Not Found: /favicon.ico
"GET /favicon.ico HTTP/1.1" 404 4746
"GET /watches/ HTTP/1.1" 200 3089
"GET / HTTP/1.1" 200 3457
"GET /groups/ HTTP/1.1" 200 3611
"GET /login/ HTTP/1.1" 200 3841
"GET /register/ HTTP/1.1" 200 4289
"GET / HTTP/1.1" 200 3457
"GET /watches/ HTTP/1.1" 200 3089
"GET /groups/ HTTP/1.1" 200 3611
"GET /watches/ HTTP/1.1" 200 3089
"GET /watches/ HTTP/1.1" 200 3089
"GET / HTTP/1.1" 200 3457
Watching for file changes with StatReloader
"GET / HTTP/1.1" 200 3457
"GET / HTTP/1.1" 200 3457
"GET /watches/ HTTP/1.1" 200 3089
"GET /groups/ HTTP/1.1" 200 3611
"GET /watches/ HTTP/1.1" 200 3089
"GET /groups/ HTTP/1.1" 200 3611
"GET / HTTP/1.1" 200 3457
"GET /groups/ HTTP/1.1" 200 3611
"GET /login/ HTTP/1.1" 200 3841
"GET /register/ HTTP/1.1" 200 4289
"GET /watches/ HTTP/1.1" 200 3089
"GET /groups/ HTTP/1.1" 200 3611
"GET /watches/ HTTP/1.1" 200 3089
"GET /watches/ HTTP/1.1" 200 3089
"GET /groups/ HTTP/1.1" 200 3611
"GET /login/ HTTP/1.1" 200 3841
"GET /register/ HTTP/1.1" 200 4289
"GET /groups/ HTTP/1.1" 200 3611
"GET /watches/ HTTP/1.1" 200 3089
"GET / HTTP/1.1" 200 3457
"GET /watches/ HTTP/1.1" 200 3089
"GET /watches/ HTTP/1.1" 200 3089
"GET / HTTP/1.1" 200 3457
"GET /watches/ HTTP/1.1" 200 3089
"GET / HTTP/1.1" 200 3457
"GET /watches/ HTTP/1.1" 200 3089
"GET / HTTP/1.1" 200 3457
"GET /watches/ HTTP/1.1" 200 3089
"GET /groups/ HTTP/1.1" 200 3611
"GET /login/ HTTP/1.1" 200 3841
Watching for file changes with StatReloader
"GET / HTTP/1.1" 200 3457
"GET /static/css/style.css HTTP/1.1" 200 2083
Not Found: /favicon.ico
"GET /favicon.ico HTTP/1.1" 404 4746
"GET /watches/ HTTP/1.1" 200 3089
"GET / HTTP/1.1" 200 3457
"GET /groups/ HTTP/1.1" 200 3611
"GET /watches/ HTTP/1.1" 200 3089
"GET /groups/ HTTP/1.1" 200 3611
"GET /login/ HTTP/1.1" 200 3841
"GET / HTTP/1.1" 200 3457
Watching for file changes with StatReloader
"GET / HTTP/1.1" 200 13291
"GET /groups/ HTTP/1.1" 200 11939
"GET /watches/ HTTP/1.1" 200 10515
"GET /groups/ HTTP/1.1" 200 11939
"GET /watches/ HTTP/1.1" 200 10515
"GET / HTTP/1.1" 200 13291
"GET /watches/ HTTP/1.1" 200 10515
"GET /groups/ HTTP/1.1" 200 11939
Watching for file changes with StatReloader
"GET / HTTP/1.1" 200 13291
"GET /watches/ HTTP/1.1" 200 10515
"GET / HTTP/1.1" 200 13291
Watching for file changes with StatReloader
"GET / HTTP/1.1" 200 13291
"GET /watches/ HTTP/1.1" 200 11784
"GET /media/watches/devaco-blue_TARsIKT.jpg HTTP/1.1" 200 11
"GET /watches/?page=2 HTTP/1.1" 200 5110
"GET /watches/?page=1 HTTP/1.1" 200 11784
"GET / HTTP/1.1" 200 13291
"GET / HTTP/1.1" 200 13291
Watching for file changes with StatReloader
"GET / HTTP/1.1" 200 13930
"GET /media/watches/12330015_1_oWVxk5D.jpg HTTP/1.1" 200 58577
"GET /media/watches/124060-0001-ny_b4QQm34.png.webp HTTP/1.1" 200 121124
"GET /media/watches/Seiko-Prospex-SRPE03-Mens-Watch-King-Turt_ITg9yWg.f233eb85a6b34e56cf7bf3390bac3868.jpeg.webp HTTP/1.1" 200 80706
"GET /media/watches/breitling_navitimer_b01_chronograph_46_green_dial_and_stainless_steel_bracelet_w_JyXBllS.jpg HTTP/1.1" 200 51968
"GET /media/watches/panerai-luminor-base-logo-acciaio-black-dial-mens-watch-pam01000-luxury-swiss-wa_iUPFHgT.jpg HTTP/1.1" 200 21457
"GET /media/watches/51oFrXn4mSL_LxlKdiG._AC_UY900_.jpg HTTP/1.1" 200 54256
"GET /media/watches/h69439931_loysLGg.png.avif HTTP/1.1" 200 241077
"GET /media/watches/71A-TS0VFQL_GCyqie0._AC_UY1000_.jpg HTTP/1.1" 200 121888
"GET /watches/ HTTP/1.1" 200 12372
"GET /media/watches/devaco-blue_TARsIKT.jpg HTTP/1.1" 304 0
"GET /media/watches/devaco-blue_LPCkR7k.jpg HTTP/1.1" 200 11
"GET /media/watches/h69439931_loysLGg.png.avif HTTP/1.1" 304 0
"GET /media/watches/12330015_1_oWVxk5D.jpg HTTP/1.1" 304 0
"GET /media/watches/breitling_navitimer_b01_chronograph_46_green_dial_and_stainless_steel_bracelet_w_JyXBllS.jpg HTTP/1.1" 304 0
"GET /media/watches/71A-TS0VFQL_GCyqie0._AC_UY1000_.jpg HTTP/1.1" 304 0
"GET /media/watches/Seiko-Prospex-SRPE03-Mens-Watch-King-Turt_ITg9yWg.f233eb85a6b34e56cf7bf3390bac3868.jpeg.webp HTTP/1.1" 304 0
"GET /media/watches/panerai-luminor-base-logo-acciaio-black-dial-mens-watch-pam01000-luxury-swiss-wa_iUPFHgT.jpg HTTP/1.1" 304 0
"GET /media/watches/51oFrXn4mSL_LxlKdiG._AC_UY900_.jpg HTTP/1.1" 304 0
"GET /watches/?page=2 HTTP/1.1" 200 5161
"GET /media/watches/124060-0001-ny_b4QQm34.png.webp HTTP/1.1" 304 0
"GET /watches/?page=1 HTTP/1.1" 200 12372
"GET /media/watches/h69439931_loysLGg.png.avif HTTP/1.1" 304 0
"GET /media/watches/panerai-luminor-base-logo-acciaio-black-dial-mens-watch-pam01000-luxury-swiss-wa_iUPFHgT.jpg HTTP/1.1" 304 0
"GET /media/watches/breitling_navitimer_b01_chronograph_46_green_dial_and_stainless_steel_bracelet_w_JyXBllS.jpg HTTP/1.1" 304 0
"GET /media/watches/devaco-blue_LPCkR7k.jpg HTTP/1.1" 304 0
"GET /media/watches/12330015_1_oWVxk5D.jpg HTTP/1.1" 304 0
"GET /media/watches/71A-TS0VFQL_GCyqie0._AC_UY1000_.jpg HTTP/1.1" 304 0
"GET /media/watches/51oFrXn4mSL_LxlKdiG._AC_UY900_.jpg HTTP/1.1" 304 0
"GET /media/watches/Seiko-Prospex-SRPE03-Mens-Watch-King-Turt_ITg9yWg.f233eb85a6b34e56cf7bf3390bac3868.jpeg.webp HTTP/1.1" 304 0
Watching for file changes with StatReloader
"GET / HTTP/1.1" 200 13930
"GET /media/watches/Seiko-Prospex-SRPE03-Mens-Watch-King-Turt_ITg9yWg.f233eb85a6b34e56cf7bf3390bac3868.jpeg.webp HTTP/1.1" 304 0
"GET /media/watches/71A-TS0VFQL_GCyqie0._AC_UY1000_.jpg HTTP/1.1" 304 0
"GET /media/watches/12330015_1_oWVxk5D.jpg HTTP/1.1" 304 0
"GET /media/watches/51oFrXn4mSL_LxlKdiG._AC_UY900_.jpg HTTP/1.1" 304 0
"GET /media/watches/124060-0001-ny_b4QQm34.png.webp HTTP/1.1" 304 0
"GET /media/watches/panerai-luminor-base-logo-acciaio-black-dial-mens-watch-pam01000-luxury-swiss-wa_iUPFHgT.jpg HTTP/1.1" 304 0
"GET /media/watches/h69439931_loysLGg.png.avif HTTP/1.1" 304 0
"GET /media/watches/breitling_navitimer_b01_chronograph_46_green_dial_and_stainless_steel_bracelet_w_JyXBllS.jpg HTTP/1.1" 304 0
"GET /watches/1/ HTTP/1.1" 200 5570
"GET /watches/4/ HTTP/1.1" 200 5528
"GET /watches/5/ HTTP/1.1" 200 5536
"GET /watches/ HTTP/1.1" 200 12372
"GET /media/watches/devaco-blue_LPCkR7k.jpg HTTP/1.1" 304 0
"GET /watches/ HTTP/1.1" 200 12372
"GET /watches/9/ HTTP/1.1" 200 5388
"GET /watches/9/ HTTP/1.1" 200 5388
"GET / HTTP/1.1" 200 13930
"GET /watches/ HTTP/1.1" 200 12372
"GET /watches/ HTTP/1.1" 200 12372
"GET / HTTP/1.1" 200 13930
"GET /watches/ HTTP/1.1" 200 12372
Watching for file changes with StatReloader
"GET / HTTP/1.1" 200 13930
"GET /watches/ HTTP/1.1" 200 12372
"GET /watches/?page=2 HTTP/1.1" 200 5161
"GET /watches/ HTTP/1.1" 200 12372
"GET /watches/ HTTP/1.1" 200 12372
Watching for file changes with StatReloader
"GET / HTTP/1.1" 200 13930
"GET /watches/ HTTP/1.1" 200 12372
"GET /watches/?page=2 HTTP/1.1" 200 5161
Watching for file changes with StatReloader
"GET / HTTP/1.1" 200 13930
"GET /media/watches/12330015_1_GqXVS79.jpg HTTP/1.1" 200 58577
"GET /media/watches/Seiko-Prospex-SRPE03-Mens-Watch-King-Turt_JBnjjhP.f233eb85a6b34e56cf7bf3390bac3868.jpeg.webp HTTP/1.1" 200 80706
"GET /media/watches/124060-0001-ny_AeCUsMs.png.webp HTTP/1.1" 200 121124
"GET /media/watches/51oFrXn4mSL_9V9CXFC._AC_UY900_.jpg HTTP/1.1" 200 54256
"GET /media/watches/h69439931_lwr8cK8.png.avif HTTP/1.1" 200 241077
"GET /media/watches/71A-TS0VFQL_i1SEGvs._AC_UY1000_.jpg HTTP/1.1" 200 121888
"GET /media/watches/breitling_navitimer_b01_chronograph_46_green_dial_and_stainless_steel_bracelet_w_NaFD9dj.jpg HTTP/1.1" 200 51968
"GET /media/watches/panerai-luminor-base-logo-acciaio-black-dial-mens-watch-pam01000-luxury-swiss-wa_5ZGHhl6.jpg HTTP/1.1" 200 21457
"GET /watches/ HTTP/1.1" 200 12372
"GET /media/watches/devaco-blue_GJKIT0y.jpg HTTP/1.1" 200 11
"GET /media/watches/panerai-luminor-base-logo-acciaio-black-dial-mens-watch-pam01000-luxury-swiss-wa_5ZGHhl6.jpg HTTP/1.1" 304 0
"GET /media/watches/71A-TS0VFQL_i1SEGvs._AC_UY1000_.jpg HTTP/1.1" 304 0
"GET /media/watches/breitling_navitimer_b01_chronograph_46_green_dial_and_stainless_steel_bracelet_w_NaFD9dj.jpg HTTP/1.1" 304 0
"GET /media/watches/h69439931_lwr8cK8.png.avif HTTP/1.1" 304 0
"GET /media/watches/Seiko-Prospex-SRPE03-Mens-Watch-King-Turt_JBnjjhP.f233eb85a6b34e56cf7bf3390bac3868.jpeg.webp HTTP/1.1" 304 0
"GET /media/watches/51oFrXn4mSL_9V9CXFC._AC_UY900_.jpg HTTP/1.1" 304 0
"GET /media/watches/12330015_1_GqXVS79.jpg HTTP/1.1" 304 0
"GET /watches/?page=2 HTTP/1.1" 200 5161
"GET /media/watches/124060-0001-ny_AeCUsMs.png.webp HTTP/1.1" 304 0
"GET /groups/ HTTP/1.1" 200 11939
"GET / HTTP/1.1" 200 13930
"GET /media/watches/12330015_1_GqXVS79.jpg HTTP/1.1" 304 0
"GET /media/watches/124060-0001-ny_AeCUsMs.png.webp HTTP/1.1" 304 0
"GET /media/watches/51oFrXn4mSL_9V9CXFC._AC_UY900_.jpg HTTP/1.1" 304 0
"GET /media/watches/71A-TS0VFQL_i1SEGvs._AC_UY1000_.jpg HTTP/1.1" 304 0
"GET /media/watches/Seiko-Prospex-SRPE03-Mens-Watch-King-Turt_JBnjjhP.f233eb85a6b34e56cf7bf3390bac3868.jpeg.webp HTTP/1.1" 304 0
"GET /media/watches/panerai-luminor-base-logo-acciaio-black-dial-mens-watch-pam01000-luxury-swiss-wa_5ZGHhl6.jpg HTTP/1.1" 304 0
"GET /media/watches/breitling_navitimer_b01_chronograph_46_green_dial_and_stainless_steel_bracelet_w_NaFD9dj.jpg HTTP/1.1" 304 0
"GET /media/watches/h69439931_lwr8cK8.png.avif HTTP/1.1" 304 0
Watching for file changes with StatReloader
"GET / HTTP/1.1" 200 13930
"GET /media/watches/12330015_1_GqXVS79.jpg HTTP/1.1" 304 0
"GET /media/watches/Seiko-Prospex-SRPE03-Mens-Watch-King-Turt_JBnjjhP.f233eb85a6b34e56cf7bf3390bac3868.jpeg.webp HTTP/1.1" 304 0
"GET /media/watches/breitling_navitimer_b01_chronograph_46_green_dial_and_stainless_steel_bracelet_w_NaFD9dj.jpg HTTP/1.1" 304 0
"GET /media/watches/h69439931_lwr8cK8.png.avif HTTP/1.1" 304 0
"GET /media/watches/panerai-luminor-base-logo-acciaio-black-dial-mens-watch-pam01000-luxury-swiss-wa_5ZGHhl6.jpg HTTP/1.1" 304 0
"GET /media/watches/124060-0001-ny_AeCUsMs.png.webp HTTP/1.1" 304 0
"GET /media/watches/51oFrXn4mSL_9V9CXFC._AC_UY900_.jpg HTTP/1.1" 304 0
"GET /media/watches/71A-TS0VFQL_i1SEGvs._AC_UY1000_.jpg HTTP/1.1" 304 0
"GET /watches/ HTTP/1.1" 200 12372
"GET /media/watches/devaco-blue_SuLb9F5.jpg HTTP/1.1" 200 11
"GET / HTTP/1.1" 200 13930
Watching for file changes with StatReloader
"GET / HTTP/1.1" 200 13930
"GET /media/watches/12330015_1_bm1k8tm.jpg HTTP/1.1" 200 58577
"GET /media/watches/124060-0001-ny_2BC0uY3.png.webp HTTP/1.1" 200 121124
"GET /media/watches/Seiko-Prospex-SRPE03-Mens-Watch-King-Turt_89Lawg6.f233eb85a6b34e56cf7bf3390bac3868.jpeg.webp HTTP/1.1" 200 80706
"GET /media/watches/51oFrXn4mSL_evQzOK3._AC_UY900_.jpg HTTP/1.1" 200 54256
"GET /media/watches/breitling_navitimer_b01_chronograph_46_green_dial_and_stainless_steel_bracelet_w_HfZsAfd.jpg HTTP/1.1" 200 51968
"GET /media/watches/panerai-luminor-base-logo-acciaio-black-dial-mens-watch-pam01000-luxury-swiss-wa_haOUkJ5.jpg HTTP/1.1" 200 21457
"GET /media/watches/h69439931_xsc6XfY.png.avif HTTP/1.1" 200 241077
"GET /media/watches/71A-TS0VFQL_2CrN7c4._AC_UY1000_.jpg HTTP/1.1" 200 121888
"GET /watches/ HTTP/1.1" 200 12399
"GET /media/watches/71A-TS0VFQL_2CrN7c4._AC_UY1000_.jpg HTTP/1.1" 304 0
"GET /media/watches/h69439931_xsc6XfY.png.avif HTTP/1.1" 304 0
"GET /media/watches/panerai-luminor-base-logo-acciaio-black-dial-mens-watch-pam01000-luxury-swiss-wa_haOUkJ5.jpg HTTP/1.1" 304 0
"GET /media/watches/Seiko-Prospex-SRPE03-Mens-Watch-King-Turt_89Lawg6.f233eb85a6b34e56cf7bf3390bac3868.jpeg.webp HTTP/1.1" 304 0
"GET /media/watches/breitling_navitimer_b01_chronograph_46_green_dial_and_stainless_steel_bracelet_w_HfZsAfd.jpg HTTP/1.1" 304 0
"GET /media/watches/12330015_1_bm1k8tm.jpg HTTP/1.1" 304 0
"GET /media/watches/51oFrXn4mSL_evQzOK3._AC_UY900_.jpg HTTP/1.1" 304 0
"GET /media/watches/1_456c9271-b1b1-41b5-a3ec-1e7bcd597c2d_daMaHOs.jpg HTTP/1.1" 200 18346
"GET /watches/?page=2 HTTP/1.1" 200 5161
"GET /media/watches/124060-0001-ny_2BC0uY3.png.webp HTTP/1.1" 304 0
"GET / HTTP/1.1" 200 13930
"GET /media/watches/Seiko-Prospex-SRPE03-Mens-Watch-King-Turt_89Lawg6.f233eb85a6b34e56cf7bf3390bac3868.jpeg.webp HTTP/1.1" 304 0
"GET /media/watches/12330015_1_bm1k8tm.jpg HTTP/1.1" 304 0
"GET /media/watches/124060-0001-ny_2BC0uY3.png.webp HTTP/1.1" 304 0
"GET /media/watches/panerai-luminor-base-logo-acciaio-black-dial-mens-watch-pam01000-luxury-swiss-wa_haOUkJ5.jpg HTTP/1.1" 304 0
"GET /media/watches/breitling_navitimer_b01_chronograph_46_green_dial_and_stainless_steel_bracelet_w_HfZsAfd.jpg HTTP/1.1" 304 0
"GET /media/watches/71A-TS0VFQL_2CrN7c4._AC_UY1000_.jpg HTTP/1.1" 304 0
"GET /media/watches/51oFrXn4mSL_evQzOK3._AC_UY900_.jpg HTTP/1.1" 304 0
"GET /media/watches/h69439931_xsc6XfY.png.avif HTTP/1.1" 304 0
Watching for file changes with StatReloader
"GET / HTTP/1.1" 200 13930
"GET /static/css/style.css HTTP/1.1" 304 0
"GET /media/watches/Seiko-Prospex-SRPE03-Mens-Watch-King-Turt_89Lawg6.f233eb85a6b34e56cf7bf3390bac3868.jpeg.webp HTTP/1.1" 304 0
"GET /media/watches/12330015_1_bm1k8tm.jpg HTTP/1.1" 304 0
"GET /media/watches/panerai-luminor-base-logo-acciaio-black-dial-mens-watch-pam01000-luxury-swiss-wa_haOUkJ5.jpg HTTP/1.1" 304 0
"GET /media/watches/breitling_navitimer_b01_chronograph_46_green_dial_and_stainless_steel_bracelet_w_HfZsAfd.jpg HTTP/1.1" 304 0
"GET /media/watches/h69439931_xsc6XfY.png.avif HTTP/1.1" 304 0
"GET /media/watches/71A-TS0VFQL_2CrN7c4._AC_UY1000_.jpg HTTP/1.1" 304 0
"GET /media/watches/124060-0001-ny_2BC0uY3.png.webp HTTP/1.1" 304 0
"GET /media/watches/51oFrXn4mSL_evQzOK3._AC_UY900_.jpg HTTP/1.1" 200 54256
"GET /watches/ HTTP/1.1" 200 12399
"GET /media/watches/1_456c9271-b1b1-41b5-a3ec-1e7bcd597c2d_daMaHOs.jpg HTTP/1.1" 200 18346
"GET /watches/5/ HTTP/1.1" 200 5536
"GET /login/ HTTP/1.1" 200 3841
"GET /register/ HTTP/1.1" 200 4289
"GET / HTTP/1.1" 200 13930
"GET /groups/ HTTP/1.1" 200 11939
"GET /groups/rolex-enthusiasts/ HTTP/1.1" 200 5947
"GET / HTTP/1.1" 200 13930
"GET /watches/ HTTP/1.1" 200 12399
"GET /groups/ HTTP/1.1" 200 11939
"GET / HTTP/1.1" 200 13930
"GET /watches/7/ HTTP/1.1" 200 5687
"GET /watches/ HTTP/1.1" 200 12399
"GET /watches/?page=2 HTTP/1.1" 200 5161
"GET /watches/?page=1 HTTP/1.1" 200 12399
"GET /groups/ HTTP/1.1" 200 11939
"GET /groups/rolex-enthusiasts/ HTTP/1.1" 200 5947
"GET /login/ HTTP/1.1" 200 3841
"POST /login/ HTTP/1.1" 200 3841
"GET /groups/ HTTP/1.1" 200 11939
"GET /groups/rolex-enthusiasts/ HTTP/1.1" 200 5947
"GET /watches/ HTTP/1.1" 200 12399
"GET /watches/9/ HTTP/1.1" 200 5415
"GET /groups/ HTTP/1.1" 200 11939
"GET /groups/rolex-enthusiasts/ HTTP/1.1" 200 5947
"GET /login/ HTTP/1.1" 200 3841
"GET /groups/ HTTP/1.1" 200 11939
"GET /register/ HTTP/1.1" 200 4289
"GET /groups/ HTTP/1.1" 200 11939
"GET /login/ HTTP/1.1" 200 3841
"GET /groups/ HTTP/1.1" 200 11939
"GET /groups/rolex-enthusiasts/ HTTP/1.1" 200 5947
"GET /login/ HTTP/1.1" 200 3841
"GET /groups/ HTTP/1.1" 200 11939
"GET /groups/rolex-enthusiasts/ HTTP/1.1" 200 5947
"GET / HTTP/1.1" 200 13930
"GET /watches/1/ HTTP/1.1" 200 5570
"GET / HTTP/1.1" 200 13930
"GET /groups/ HTTP/1.1" 200 11939
"GET / HTTP/1.1" 200 13930
"GET /groups/ HTTP/1.1" 200 11939
"GET /watches/ HTTP/1.1" 200 12399
"GET /watches/ HTTP/1.1" 200 12399
"GET / HTTP/1.1" 200 13930
"GET /groups/ HTTP/1.1" 200 11939
Watching for file changes with StatReloader
"GET / HTTP/1.1" 200 13934
"GET /static/css/style.css HTTP/1.1" 200 2083
"GET /media/watches/124060-0001-ny_zGoI2Tp.png.webp HTTP/1.1" 200 121124
"GET /media/watches/Seiko-Prospex-SRPE03-Mens-Watch-King-Turt_VjooIvX.f233eb85a6b34e56cf7bf3390bac3868.jpeg.webp HTTP/1.1" 200 80706
"GET /media/watches/51oFrXn4mSL_Y07512h._AC_UY900_.jpg HTTP/1.1" 200 54256
"GET /media/watches/71A-TS0VFQL_EViqcf9._AC_UY1000_.jpg HTTP/1.1" 200 121888
"GET /media/watches/h69439931_5YruoJc.png.avif HTTP/1.1" 200 241077
"GET /media/watches/panerai-luminor-base-logo-acciaio-black-dial-mens-watch-pam01000-luxury-swiss-wa_YL1u1DU.jpg HTTP/1.1" 200 21457
"GET /media/watches/breitling_navitimer_b01_chronograph_46_green_dial_and_stainless_steel_bracelet_w_NiKWDDS.jpg HTTP/1.1" 200 51968
"GET /media/watches/12330015_1_p9GVaUn.jpg HTTP/1.1" 200 58577
Not Found: /favicon.ico
"GET /favicon.ico HTTP/1.1" 404 7619
"GET /watches/4/ HTTP/1.1" 200 11363
"GET /register/ HTTP/1.1" 200 4289
"POST /register/ HTTP/1.1" 200 4289
Not Found: /apple-touch-icon-precomposed.png
"GET /apple-touch-icon-precomposed.png HTTP/1.1" 404 7682
Not Found: /apple-touch-icon.png
"GET /apple-touch-icon.png HTTP/1.1" 404 7646
"GET /login/ HTTP/1.1" 200 3841
"POST /login/ HTTP/1.1" 302 0
"GET / HTTP/1.1" 200 14260
"GET /media/watches/12330015_1_p9GVaUn.jpg HTTP/1.1" 304 0
"GET /media/watches/51oFrXn4mSL_Y07512h._AC_UY900_.jpg HTTP/1.1" 304 0
"GET /media/watches/panerai-luminor-base-logo-acciaio-black-dial-mens-watch-pam01000-luxury-swiss-wa_YL1u1DU.jpg HTTP/1.1" 304 0
"GET /media/watches/124060-0001-ny_zGoI2Tp.png.webp HTTP/1.1" 304 0
"GET /media/watches/breitling_navitimer_b01_chronograph_46_green_dial_and_stainless_steel_bracelet_w_NiKWDDS.jpg HTTP/1.1" 304 0
"GET /media/watches/Seiko-Prospex-SRPE03-Mens-Watch-King-Turt_VjooIvX.f233eb85a6b34e56cf7bf3390bac3868.jpeg.webp HTTP/1.1" 304 0
"GET /media/watches/h69439931_5YruoJc.png.avif HTTP/1.1" 304 0
"GET /media/watches/71A-TS0VFQL_EViqcf9._AC_UY1000_.jpg HTTP/1.1" 304 0
"GET /admin/ HTTP/1.1" 200 9687
"GET /static/admin/css/base.css HTTP/1.1" 200 22154
"GET /static/admin/js/theme.js HTTP/1.1" 200 1653
"GET /static/admin/js/nav_sidebar.js HTTP/1.1" 200 3063
"GET /static/admin/css/nav_sidebar.css HTTP/1.1" 200 2810
"GET /static/admin/css/dashboard.css HTTP/1.1" 200 441
"GET /static/admin/css/dark_mode.css HTTP/1.1" 200 2808
"GET /static/admin/css/responsive.css HTTP/1.1" 200 16632
"GET /static/admin/img/icon-addlink.svg HTTP/1.1" 200 331
"GET /static/admin/img/icon-changelink.svg HTTP/1.1" 200 380
"GET /admin/products/comment/add/ HTTP/1.1" 200 18587
"GET /static/admin/js/jquery.init.js HTTP/1.1" 200 347
"GET /static/admin/js/actions.js HTTP/1.1" 200 8076
"GET /static/admin/js/core.js HTTP/1.1" 200 6208
"GET /static/admin/js/urlify.js HTTP/1.1" 200 7887
"GET /admin/jsi18n/ HTTP/1.1" 200 3342
"GET /static/admin/js/prepopulate.js HTTP/1.1" 200 1531
"GET /static/admin/css/forms.css HTTP/1.1" 200 8525
"GET /static/admin/js/change_form.js HTTP/1.1" 200 606
"GET /static/admin/js/prepopulate_init.js HTTP/1.1" 200 586
"GET /static/admin/js/admin/RelatedObjectLookups.js HTTP/1.1" 200 9777
"GET /static/admin/css/widgets.css HTTP/1.1" 200 11991
"GET /static/admin/js/vendor/jquery/jquery.js HTTP/1.1" 200 285314
"GET /static/admin/js/vendor/xregexp/xregexp.js HTTP/1.1" 200 325171
"GET /static/admin/img/icon-viewlink.svg HTTP/1.1" 200 581
"GET / HTTP/1.1" 200 14260
"GET /media/watches/71A-TS0VFQL_EViqcf9._AC_UY1000_.jpg HTTP/1.1" 304 0
"GET /media/watches/12330015_1_p9GVaUn.jpg HTTP/1.1" 304 0
"GET /media/watches/51oFrXn4mSL_Y07512h._AC_UY900_.jpg HTTP/1.1" 304 0
"GET /media/watches/breitling_navitimer_b01_chronograph_46_green_dial_and_stainless_steel_bracelet_w_NiKWDDS.jpg HTTP/1.1" 304 0
"GET /media/watches/124060-0001-ny_zGoI2Tp.png.webp HTTP/1.1" 304 0
"GET /media/watches/panerai-luminor-base-logo-acciaio-black-dial-mens-watch-pam01000-luxury-swiss-wa_YL1u1DU.jpg HTTP/1.1" 304 0
"GET /media/watches/Seiko-Prospex-SRPE03-Mens-Watch-King-Turt_VjooIvX.f233eb85a6b34e56cf7bf3390bac3868.jpeg.webp HTTP/1.1" 304 0
"GET /media/watches/h69439931_5YruoJc.png.avif HTTP/1.1" 304 0
"GET /feedback-report/ HTTP/1.1" 200 140449
"GET /watches/1/ HTTP/1.1" 200 28927
"GET /feedback-report/ HTTP/1.1" 200 140449
"GET /groups/ HTTP/1.1" 200 12039
"GET /groups/create/ HTTP/1.1" 200 4111
Method Not Allowed (GET): /logout/
Method Not Allowed: /logout/
"GET /logout/ HTTP/1.1" 405 0
Watching for file changes with StatReloader
"GET / HTTP/1.1" 200 14260
"GET /media/watches/Seiko-Prospex-SRPE03-Mens-Watch-King-Turt_VjooIvX.f233eb85a6b34e56cf7bf3390bac3868.jpeg.webp HTTP/1.1" 304 0
"GET /media/watches/12330015_1_p9GVaUn.jpg HTTP/1.1" 304 0
"GET /media/watches/h69439931_5YruoJc.png.avif HTTP/1.1" 304 0
"GET /media/watches/71A-TS0VFQL_EViqcf9._AC_UY1000_.jpg HTTP/1.1" 304 0
"GET /media/watches/51oFrXn4mSL_Y07512h._AC_UY900_.jpg HTTP/1.1" 304 0
"GET /media/watches/124060-0001-ny_zGoI2Tp.png.webp HTTP/1.1" 304 0
"GET /media/watches/breitling_navitimer_b01_chronograph_46_green_dial_and_stainless_steel_bracelet_w_NiKWDDS.jpg HTTP/1.1" 304 0
"GET /media/watches/panerai-luminor-base-logo-acciaio-black-dial-mens-watch-pam01000-luxury-swiss-wa_YL1u1DU.jpg HTTP/1.1" 304 0
Method Not Allowed (GET): /logout/
Method Not Allowed: /logout/
"GET /logout/ HTTP/1.1" 405 0
Watching for file changes with StatReloader
"GET / HTTP/1.1" 200 14260
"GET /media/watches/12330015_1_xcy8Hf5.jpg HTTP/1.1" 200 58577
"GET /media/watches/124060-0001-ny_r7Jc0aT.png.webp HTTP/1.1" 200 121124
"GET /media/watches/Seiko-Prospex-SRPE03-Mens-Watch-King-Turt_UUSfwAQ.f233eb85a6b34e56cf7bf3390bac3868.jpeg.webp HTTP/1.1" 200 80706
"GET /media/watches/51oFrXn4mSL_49DciDW._AC_UY900_.jpg HTTP/1.1" 200 54256
"GET /media/watches/panerai-luminor-base-logo-acciaio-black-dial-mens-watch-pam01000-luxury-swiss-wa_gxee9IM.jpg HTTP/1.1" 200 21457
"GET /media/watches/breitling_navitimer_b01_chronograph_46_green_dial_and_stainless_steel_bracelet_w_dcrV1Op.jpg HTTP/1.1" 200 51968
"GET /media/watches/h69439931_fmH7YpK.png.avif HTTP/1.1" 200 241077
"GET /media/watches/71A-TS0VFQL_zHNp83Q._AC_UY1000_.jpg HTTP/1.1" 200 121888
Method Not Allowed (GET): /logout/
Method Not Allowed: /logout/
"GET /logout/ HTTP/1.1" 405 0
/Users/santimuri08/Desktop/watch_showcase/product_showcase/urls.py changed, reloading.
Watching for file changes with StatReloader
Watching for file changes with StatReloader
"GET / HTTP/1.1" 200 14260
"GET /media/watches/12330015_1_xcy8Hf5.jpg HTTP/1.1" 304 0
"GET /media/watches/51oFrXn4mSL_49DciDW._AC_UY900_.jpg HTTP/1.1" 304 0
"GET /media/watches/breitling_navitimer_b01_chronograph_46_green_dial_and_stainless_steel_bracelet_w_dcrV1Op.jpg HTTP/1.1" 304 0
"GET /media/watches/Seiko-Prospex-SRPE03-Mens-Watch-King-Turt_UUSfwAQ.f233eb85a6b34e56cf7bf3390bac3868.jpeg.webp HTTP/1.1" 304 0
"GET /media/watches/124060-0001-ny_r7Jc0aT.png.webp HTTP/1.1" 304 0
"GET /media/watches/71A-TS0VFQL_zHNp83Q._AC_UY1000_.jpg HTTP/1.1" 304 0
"GET /media/watches/h69439931_fmH7YpK.png.avif HTTP/1.1" 304 0
"GET /media/watches/panerai-luminor-base-logo-acciaio-black-dial-mens-watch-pam01000-luxury-swiss-wa_gxee9IM.jpg HTTP/1.1" 304 0
Method Not Allowed (GET): /logout/
Method Not Allowed: /logout/
"GET /logout/ HTTP/1.1" 405 0
Watching for file changes with StatReloader
Method Not Allowed (GET): /logout/
Method Not Allowed: /logout/
"GET /logout/ HTTP/1.1" 405 0
Watching for file changes with StatReloader
"GET / HTTP/1.1" 200 14538
"GET /media/watches/12330015_1_xcy8Hf5.jpg HTTP/1.1" 304 0
"GET /media/watches/Seiko-Prospex-SRPE03-Mens-Watch-King-Turt_UUSfwAQ.f233eb85a6b34e56cf7bf3390bac3868.jpeg.webp HTTP/1.1" 304 0
"GET /media/watches/124060-0001-ny_r7Jc0aT.png.webp HTTP/1.1" 304 0
"GET /media/watches/panerai-luminor-base-logo-acciaio-black-dial-mens-watch-pam01000-luxury-swiss-wa_gxee9IM.jpg HTTP/1.1" 304 0
"GET /media/watches/71A-TS0VFQL_zHNp83Q._AC_UY1000_.jpg HTTP/1.1" 304 0
"GET /media/watches/breitling_navitimer_b01_chronograph_46_green_dial_and_stainless_steel_bracelet_w_dcrV1Op.jpg HTTP/1.1" 304 0
"GET /media/watches/51oFrXn4mSL_49DciDW._AC_UY900_.jpg HTTP/1.1" 304 0
"GET /media/watches/h69439931_fmH7YpK.png.avif HTTP/1.1" 304 0
"POST /logout/ HTTP/1.1" 302 0
"GET /login/ HTTP/1.1" 200 3841
"GET / HTTP/1.1" 200 13934
"GET /register/ HTTP/1.1" 200 4289
"POST /register/ HTTP/1.1" 302 0
"GET /login/ HTTP/1.1" 200 4261
"GET /login/ HTTP/1.1" 200 3841
"POST /login/ HTTP/1.1" 302 0
"GET / HTTP/1.1" 200 14347
"GET /watches/ HTTP/1.1" 200 12706
"GET /media/watches/1_456c9271-b1b1-41b5-a3ec-1e7bcd597c2d_gEtVJF9.jpg HTTP/1.1" 200 18346
"GET /groups/ HTTP/1.1" 200 12126
"GET /groups/create/ HTTP/1.1" 200 4198
"GET /groups/ HTTP/1.1" 200 12126
"GET /groups/rolex-enthusiasts/ HTTP/1.1" 200 22435
"POST /logout/ HTTP/1.1" 302 0
"GET /login/ HTTP/1.1" 200 3841
Watching for file changes with StatReloader
Internal Server Error: /
Traceback (most recent call last):
  File "/Users/santimuri08/Desktop/watch_showcase/venv/lib/python3.13/site-packages/django/core/handlers/exception.py", line 55, in inner
    response = get_response(request)
  File "/Users/santimuri08/Desktop/watch_showcase/venv/lib/python3.13/site-packages/django/core/handlers/base.py", line 197, in _get_response
    response = wrapped_callback(request, *callback_args, **callback_kwargs)
  File "/Users/santimuri08/Desktop/watch_showcase/products/views.py", line 26, in home
    return render(request, "hello/home.html", context)
  File "/Users/santimuri08/Desktop/watch_showcase/venv/lib/python3.13/site-packages/django/shortcuts.py", line 25, in render
    content = loader.render_to_string(template_name, context, request, using=using)
  File "/Users/santimuri08/Desktop/watch_showcase/venv/lib/python3.13/site-packages/django/template/loader.py", line 61, in render_to_string
    template = get_template(template_name, using=using)
  File "/Users/santimuri08/Desktop/watch_showcase/venv/lib/python3.13/site-packages/django/template/loader.py", line 19, in get_template
    raise TemplateDoesNotExist(template_name, chain=chain)
django.template.exceptions.TemplateDoesNotExist: hello/home.html
"GET / HTTP/1.1" 500 84031
Not Found: /apple-touch-icon-precomposed.png
"GET /apple-touch-icon-precomposed.png HTTP/1.1" 404 7682
Not Found: /apple-touch-icon.png
"GET /apple-touch-icon.png HTTP/1.1" 404 7646
Not Found: /favicon.ico
"GET /favicon.ico HTTP/1.1" 404 7619
/Users/santimuri08/Desktop/watch_showcase/products/urls.py changed, reloading.
Watching for file changes with StatReloader
Internal Server Error: /
Traceback (most recent call last):
  File "/Users/santimuri08/Desktop/watch_showcase/venv/lib/python3.13/site-packages/django/core/handlers/exception.py", line 55, in inner
    response = get_response(request)
  File "/Users/santimuri08/Desktop/watch_showcase/venv/lib/python3.13/site-packages/django/core/handlers/base.py", line 197, in _get_response
    response = wrapped_callback(request, *callback_args, **callback_kwargs)
  File "/Users/santimuri08/Desktop/watch_showcase/products/views.py", line 26, in home
    return render(request, "hello/home.html", context)
  File "/Users/santimuri08/Desktop/watch_showcase/venv/lib/python3.13/site-packages/django/shortcuts.py", line 25, in render
    content = loader.render_to_string(template_name, context, request, using=using)
  File "/Users/santimuri08/Desktop/watch_showcase/venv/lib/python3.13/site-packages/django/template/loader.py", line 61, in render_to_string
    template = get_template(template_name, using=using)
  File "/Users/santimuri08/Desktop/watch_showcase/venv/lib/python3.13/site-packages/django/template/loader.py", line 19, in get_template
    raise TemplateDoesNotExist(template_name, chain=chain)
django.template.exceptions.TemplateDoesNotExist: hello/home.html
"GET / HTTP/1.1" 500 84031
/Users/santimuri08/Desktop/watch_showcase/products/models.py changed, reloading.
Watching for file changes with StatReloader
/Users/santimuri08/Desktop/watch_showcase/products/views.py changed, reloading.
Watching for file changes with StatReloader
/Users/santimuri08/Desktop/watch_showcase/products/forms.py changed, reloading.
Watching for file changes with StatReloader
/Users/santimuri08/Desktop/watch_showcase/products/urls.py changed, reloading.
Watching for file changes with StatReloader
"GET / HTTP/1.1" 200 13934
"GET /static/css/style.css HTTP/1.1" 200 2083
"GET /media/watches/124060-0001-ny_r7Jc0aT.png.webp HTTP/1.1" 200 121124
"GET /media/watches/Seiko-Prospex-SRPE03-Mens-Watch-King-Turt_UUSfwAQ.f233eb85a6b34e56cf7bf3390bac3868.jpeg.webp HTTP/1.1" 200 80706
"GET /media/watches/12330015_1_xcy8Hf5.jpg HTTP/1.1" 200 58577
"GET /media/watches/51oFrXn4mSL_49DciDW._AC_UY900_.jpg HTTP/1.1" 200 54256
"GET /media/watches/h69439931_fmH7YpK.png.avif HTTP/1.1" 200 241077
"GET /media/watches/71A-TS0VFQL_zHNp83Q._AC_UY1000_.jpg HTTP/1.1" 200 121888
"GET /media/watches/breitling_navitimer_b01_chronograph_46_green_dial_and_stainless_steel_bracelet_w_dcrV1Op.jpg HTTP/1.1" 200 51968
"GET /media/watches/panerai-luminor-base-logo-acciaio-black-dial-mens-watch-pam01000-luxury-swiss-wa_gxee9IM.jpg HTTP/1.1" 200 21457
/Users/santimuri08/Desktop/watch_showcase/product_showcase/settings.py changed, reloading.
Watching for file changes with StatReloader
/Users/santimuri08/Desktop/watch_showcase/product_showcase/settings.py changed, reloading.
Watching for file changes with StatReloader
"GET / HTTP/1.1" 200 13934
Watching for file changes with StatReloader
"GET / HTTP/1.1" 200 14031
"GET /media/watches/51oFrXn4mSL_49DciDW._AC_UY900_.jpg HTTP/1.1" 304 0
"GET /static/css/style.css HTTP/1.1" 200 1686
"GET /media/watches/124060-0001-ny_r7Jc0aT.png.webp HTTP/1.1" 200 121124
"GET /media/watches/Seiko-Prospex-SRPE03-Mens-Watch-King-Turt_UUSfwAQ.f233eb85a6b34e56cf7bf3390bac3868.jpeg.webp HTTP/1.1" 200 80706
"GET /media/watches/12330015_1_xcy8Hf5.jpg HTTP/1.1" 200 58577
"GET /media/watches/71A-TS0VFQL_zHNp83Q._AC_UY1000_.jpg HTTP/1.1" 200 121888
"GET /media/watches/h69439931_fmH7YpK.png.avif HTTP/1.1" 200 241077
"GET /media/watches/breitling_navitimer_b01_chronograph_46_green_dial_and_stainless_steel_bracelet_w_dcrV1Op.jpg HTTP/1.1" 200 51968
"GET /media/watches/panerai-luminor-base-logo-acciaio-black-dial-mens-watch-pam01000-luxury-swiss-wa_gxee9IM.jpg HTTP/1.1" 200 21457
Not Found: /apple-touch-icon-precomposed.png
"GET /apple-touch-icon-precomposed.png HTTP/1.1" 404 7945
Not Found: /apple-touch-icon.png
"GET /apple-touch-icon.png HTTP/1.1" 404 7909
"GET / HTTP/1.1" 200 14031
"GET /watches/ HTTP/1.1" 200 12568
"GET /media/watches/1_456c9271-b1b1-41b5-a3ec-1e7bcd597c2d_gEtVJF9.jpg HTTP/1.1" 200 18346
"GET /groups/ HTTP/1.1" 200 12036
"GET /register/ HTTP/1.1" 200 4446
"GET /login/ HTTP/1.1" 200 3992
"GET /register/ HTTP/1.1" 200 4446
"GET / HTTP/1.1" 200 14031
"GET /watches/ HTTP/1.1" 200 12568
"GET /watches/9/ HTTP/1.1" 200 25661
"GET / HTTP/1.1" 200 14031
"GET / HTTP/1.1" 200 14031
"GET /watches/ HTTP/1.1" 200 12568
"GET / HTTP/1.1" 200 14031
"GET /groups/ HTTP/1.1" 200 12036
"GET /groups/rolex-enthusiasts/ HTTP/1.1" 200 21844
"GET / HTTP/1.1" 200 14031
"GET / HTTP/1.1" 200 14031
"GET / HTTP/1.1" 200 14031
"GET /watches/ HTTP/1.1" 200 12568
"GET /groups/ HTTP/1.1" 200 12036
"GET /groups/rolex-enthusiasts/ HTTP/1.1" 200 21844
"GET /register/ HTTP/1.1" 200 4446
"GET /login/ HTTP/1.1" 200 3992
"GET / HTTP/1.1" 200 14031
"GET /watches/ HTTP/1.1" 200 12568
"GET /groups/ HTTP/1.1" 200 12036
"GET / HTTP/1.1" 200 14031
"GET /static/css/style.css HTTP/1.1" 304 0
"GET /watches/ HTTP/1.1" 200 12568
"GET /watches/?q=paneral HTTP/1.1" 200 3258
"GET /watches/?q=luminal HTTP/1.1" 200 3258
"GET /groups/ HTTP/1.1" 200 12036
"GET /watches/ HTTP/1.1" 200 12568
"GET /watches/?q=Khaki+Field+Mechanical HTTP/1.1" 200 4109
"GET /groups/ HTTP/1.1" 200 12036
"GET /login/ HTTP/1.1" 200 3992
"GET /register/ HTTP/1.1" 200 4446
"GET /groups/ HTTP/1.1" 200 12036
"GET /groups/rolex-enthusiasts/ HTTP/1.1" 200 21844
"GET / HTTP/1.1" 200 14031
/Users/santimuri08/Desktop/watch_showcase/venv/lib/python3.13/site-packages/django/utils/version.py changed, reloading.
Watching for file changes with StatReloader
